
http://arxiv.org/abs/2002.11324
http://arxiv.org/abs/2002.11468
http://arxiv.org/abs/2002.11645
http://arxiv.org/abs/2002.11680
http://arxiv.org/abs/1512.00770
http://arxiv.org/abs/1905.00699
http://arxiv.org/abs/2002.05035
https://epubs.siam.org/doi/abs/10.1137/19M1252351?af=R
https://epubs.siam.org/doi/abs/10.1137/19M1258761?af=R
https://epubs.siam.org/doi/abs/10.1137/19M1266836?af=R
https://epubs.siam.org/doi/abs/10.1137/18M1234266?af=R
https://epubs.siam.org/doi/abs/10.1137/19M1251977?af=R
https://epubs.siam.org/doi/abs/10.1137/19M1274523?af=R
https://epubs.siam.org/doi/abs/10.1137/18M1163828?af=R
https://epubs.siam.org/doi/abs/10.1137/18M1194559?af=R
https://epubs.siam.org/doi/abs/10.1137/19M1244494?af=R
https://epubs.siam.org/doi/abs/10.1137/18M1231845?af=R
https://epubs.siam.org/doi/abs/10.1137/19M125827X?af=R
https://epubs.siam.org/doi/abs/10.1137/18M119001X?af=R
https://epubs.siam.org/doi/abs/10.1137/18M1220868?af=R
https://epubs.siam.org/doi/abs/10.1137/18M1223940?af=R
https://epubs.siam.org/doi/abs/10.1137/18M1226932?af=R
https://epubs.siam.org/doi/abs/10.1137/19M1241714?af=R
https://epubs.siam.org/doi/abs/10.1137/19M1250315?af=R
https://epubs.siam.org/doi/abs/10.1137/19M1254374?af=R
https://epubs.siam.org/doi/abs/10.1137/18M1218601?af=R
https://epubs.siam.org/doi/abs/10.1137/17M1161531?af=R
https://epubs.siam.org/doi/abs/10.1137/18M1205327?af=R
https://epubs.siam.org/doi/abs/10.1137/18M1225264?af=R
https://epubs.siam.org/doi/abs/10.1137/19M1246481?af=R
https://epubs.siam.org/doi/abs/10.1137/19M1267052?af=R
https://epubs.siam.org/doi/abs/10.1137/17M1162664?af=R
https://epubs.siam.org/doi/abs/10.1137/19M1261122?af=R
https://epubs.siam.org/doi/abs/10.1137/19M1243580?af=R
https://epubs.siam.org/doi/abs/10.1137/18M1231493?af=R
https://epubs.siam.org/doi/abs/10.1137/17M1152498?af=R
https://epubs.siam.org/doi/abs/10.1137/19M124469X?af=R
https://epubs.siam.org/doi/abs/10.1137/18M1211210?af=R
https://epubs.siam.org/doi/abs/10.1137/19M1238095?af=R
https://epubs.siam.org/doi/abs/10.1137/18M1207582?af=R
https://epubs.siam.org/doi/abs/10.1137/18M1232802?af=R
https://epubs.siam.org/doi/abs/10.1137/18M1198235?af=R
https://epubs.siam.org/doi/abs/10.1137/19M1253836?af=R
https://epubs.siam.org/doi/abs/10.1137/18M1197692?af=R
https://epubs.siam.org/doi/abs/10.1137/19M1259912?af=R
https://epubs.siam.org/doi/abs/10.1137/18M1218364?af=R
https://epubs.siam.org/doi/abs/10.1137/19M1262322?af=R
https://epubs.siam.org/doi/abs/10.1137/19M1262899?af=R
https://epubs.siam.org/doi/abs/10.1137/18M1182115?af=R
https://epubs.siam.org/doi/abs/10.1137/18M122306X?af=R
https://epubs.siam.org/doi/abs/10.1137/19M1257093?af=R
https://epubs.siam.org/doi/abs/10.1137/19M1238630?af=R
https://epubs.siam.org/doi/abs/10.1137/19M1269403?af=R
https://epubs.siam.org/doi/abs/10.1137/19M1252144?af=R
https://epubs.siam.org/doi/abs/10.1137/19M1278508?af=R
https://epubs.siam.org/doi/abs/10.1137/18M1181201?af=R
https://epubs.siam.org/doi/abs/10.1137/18M1190677?af=R
https://epubs.siam.org/doi/abs/10.1137/19M1250054?af=R
https://epubs.siam.org/doi/abs/10.1137/18M1186939?af=R
https://epubs.siam.org/doi/abs/10.1137/18M1236034?af=R
https://epubs.siam.org/doi/abs/10.1137/18M1217000?af=R
https://epubs.siam.org/doi/abs/10.1137/18M1211088?af=R
https://epubs.siam.org/doi/abs/10.1137/17M1157775?af=R
https://epubs.siam.org/doi/abs/10.1137/18M1164500?af=R
https://epubs.siam.org/doi/abs/10.1137/19M1250923?af=R
https://epubs.siam.org/doi/abs/10.1137/19M1249606?af=R
https://epubs.siam.org/doi/abs/10.1137/19M1244251?af=R
https://epubs.siam.org/doi/abs/10.1137/19M1240496?af=R
https://epubs.siam.org/doi/abs/10.1137/18M1236058?af=R
https://epubs.siam.org/doi/abs/10.1137/19M1254386?af=R
https://epubs.siam.org/doi/abs/10.1137/19M1250261?af=R
https://epubs.siam.org/doi/abs/10.1137/19M124263X?af=R
https://epubs.siam.org/doi/abs/10.1137/18M1231365?af=R
https://epubs.siam.org/doi/abs/10.1137/19M1255239?af=R
https://epubs.siam.org/doi/abs/10.1137/19M1237508?af=R
https://epubs.siam.org/doi/abs/10.1137/18M123445X?af=R
https://epubs.siam.org/doi/abs/10.1137/19M1264588?af=R
https://epubs.siam.org/doi/abs/10.1137/19M1242070?af=R
https://epubs.siam.org/doi/abs/10.1137/19M1252260?af=R
https://epubs.siam.org/doi/abs/10.1137/18M1168984?af=R
https://epubs.siam.org/doi/abs/10.1137/18M1220340?af=R
https://epubs.siam.org/doi/abs/10.1137/18M1193177?af=R
https://epubs.siam.org/doi/abs/10.1137/18M1201020?af=R
https://epubs.siam.org/doi/abs/10.1137/18M1183376?af=R
https://epubs.siam.org/doi/abs/10.1137/18M1200002?af=R
https://epubs.siam.org/doi/abs/10.1137/18M1215505?af=R
https://epubs.siam.org/doi/abs/10.1137/17M1179820?af=R
https://epubs.siam.org/doi/abs/10.1137/18M119478X?af=R
https://epubs.siam.org/doi/abs/10.1137/18M1201160?af=R
https://epubs.siam.org/doi/abs/10.1137/18M1188872?af=R
https://epubs.siam.org/doi/abs/10.1137/18M1211167?af=R
https://epubs.siam.org/doi/abs/10.1137/18M1204826?af=R
https://epubs.siam.org/doi/abs/10.1137/19M1237089?af=R
https://epubs.siam.org/doi/abs/10.1137/18M1215980?af=R
https://epubs.siam.org/doi/abs/10.1137/18M1163944?af=R
https://epubs.siam.org/doi/abs/10.1137/18M1189579?af=R
https://epubs.siam.org/doi/abs/10.1137/18M1221904?af=R
https://epubs.siam.org/doi/abs/10.1137/18M1211957?af=R
https://epubs.siam.org/doi/abs/10.1137/19M1251837?af=R
https://epubs.siam.org/doi/abs/10.1137/18M120943X?af=R
https://epubs.siam.org/doi/abs/10.1137/18M1216894?af=R
https://epubs.siam.org/doi/abs/10.1137/18M1183698?af=R
https://epubs.siam.org/doi/abs/10.1137/18M1205339?af=R
https://epubs.siam.org/doi/abs/10.1137/18M1231237?af=R
https://epubs.siam.org/doi/abs/10.1137/18M1195668?af=R
https://epubs.siam.org/doi/abs/10.1137/18M118699X?af=R
https://epubs.siam.org/doi/abs/10.1137/18M1163646?af=R
https://epubs.siam.org/doi/abs/10.1137/18M1176300?af=R
https://epubs.siam.org/doi/abs/10.1137/18M1229572?af=R
https://epubs.siam.org/doi/abs/10.1137/18M1172740?af=R
https://epubs.siam.org/doi/abs/10.1137/18M1181006?af=R
https://epubs.siam.org/doi/abs/10.1137/18M1185946?af=R
https://epubs.siam.org/doi/abs/10.1137/18M1226889?af=R
https://epubs.siam.org/doi/abs/10.1137/18M1209805?af=R
https://epubs.siam.org/doi/abs/10.1137/18M1216006?af=R
https://epubs.siam.org/doi/abs/10.1137/18M1217188?af=R
https://epubs.siam.org/doi/abs/10.1137/18M1192767?af=R
https://epubs.siam.org/doi/abs/10.1137/18M1209647?af=R
https://epubs.siam.org/doi/abs/10.1137/18M1205388?af=R
https://epubs.siam.org/doi/abs/10.1137/18M1185041?af=R
https://epubs.siam.org/doi/abs/10.1137/17M1143034?af=R
https://epubs.siam.org/doi/abs/10.1137/17M1151997?af=R
https://epubs.siam.org/doi/abs/10.1137/17M1153431?af=R
https://epubs.siam.org/doi/abs/10.1137/18M1172211?af=R
https://epubs.siam.org/doi/abs/10.1137/18M1198788?af=R
https://epubs.siam.org/doi/abs/10.1137/18M1187167?af=R
https://epubs.siam.org/doi/abs/10.1137/18M1221588?af=R
https://epubs.siam.org/doi/abs/10.1137/18M1168303?af=R
https://epubs.siam.org/doi/abs/10.1137/18M1192809?af=R
https://epubs.siam.org/doi/abs/10.1137/18M1177706?af=R
https://epubs.siam.org/doi/abs/10.1137/18M1190239?af=R
https://epubs.siam.org/doi/abs/10.1137/18M116976X?af=R
https://epubs.siam.org/doi/abs/10.1137/18M1174143?af=R
https://epubs.siam.org/doi/abs/10.1137/18M1181651?af=R
https://epubs.siam.org/doi/abs/10.1137/18M1181407?af=R
https://epubs.siam.org/doi/abs/10.1137/17M1159634?af=R
https://epubs.siam.org/doi/abs/10.1137/17M1161336?af=R
https://epubs.siam.org/doi/abs/10.1137/17M1161324?af=R
https://epubs.siam.org/doi/abs/10.1137/18M1179183?af=R
https://epubs.siam.org/doi/abs/10.1137/18M1182243?af=R
https://epubs.siam.org/doi/abs/10.1137/18M117265X?af=R
https://epubs.siam.org/doi/abs/10.1137/18M1205947?af=R
https://epubs.siam.org/doi/abs/10.1137/17M1152012?af=R
https://epubs.siam.org/doi/abs/10.1137/18M117889X?af=R
https://epubs.siam.org/doi/abs/10.1137/18M1189257?af=R
https://epubs.siam.org/doi/abs/10.1137/18M1185818?af=R
https://epubs.siam.org/doi/abs/10.1137/18M1186071?af=R
https://epubs.siam.org/doi/abs/10.1137/17M1161026?af=R
https://epubs.siam.org/doi/abs/10.1137/18M1216390?af=R
http://link.aps.org/doi/10.1103/PhysRevLett.124.080402
http://link.aps.org/doi/10.1103/PhysRevLett.124.080501
http://link.aps.org/doi/10.1103/PhysRevLett.124.080502
http://link.aps.org/doi/10.1103/PhysRevLett.124.080601
http://link.aps.org/doi/10.1103/PhysRevLett.124.081101
http://link.aps.org/doi/10.1103/PhysRevLett.124.081301
http://link.aps.org/doi/10.1103/PhysRevLett.124.081601
http://link.aps.org/doi/10.1103/PhysRevLett.124.082001
http://link.aps.org/doi/10.1103/PhysRevLett.124.082003
http://link.aps.org/doi/10.1103/PhysRevLett.124.082301
http://link.aps.org/doi/10.1103/PhysRevLett.124.083202
http://link.aps.org/doi/10.1103/PhysRevLett.124.083901
http://link.aps.org/doi/10.1103/PhysRevLett.124.084501
http://link.aps.org/doi/10.1103/PhysRevLett.124.084802
http://link.aps.org/doi/10.1103/PhysRevLett.124.085701
http://link.aps.org/doi/10.1103/PhysRevLett.124.086401
http://link.aps.org/doi/10.1103/PhysRevLett.124.086601
http://link.aps.org/doi/10.1103/PhysRevLett.124.087201
http://link.aps.org/doi/10.1103/PhysRevLett.124.087203
http://link.aps.org/doi/10.1103/PhysRevLett.124.087701
http://link.aps.org/doi/10.1103/PhysRevLett.124.087801
http://link.aps.org/doi/10.1103/PhysRevLett.124.088002
http://link.aps.org/doi/10.1103/PhysRevLett.124.080401
http://link.aps.org/doi/10.1103/PhysRevLett.124.081802
http://link.aps.org/doi/10.1103/PhysRevLett.124.082002
http://link.aps.org/doi/10.1103/PhysRevLett.124.082501
http://link.aps.org/doi/10.1103/PhysRevLett.124.083601
http://link.aps.org/doi/10.1103/PhysRevLett.124.083602
http://link.aps.org/doi/10.1103/PhysRevLett.124.083603
http://link.aps.org/doi/10.1103/PhysRevLett.124.085501
http://link.aps.org/doi/10.1103/PhysRevLett.124.085502
http://link.aps.org/doi/10.1103/PhysRevLett.124.086801
http://link.aps.org/doi/10.1103/PhysRevLett.124.087202
http://link.aps.org/doi/10.1103/PhysRevLett.124.087401
http://link.aps.org/doi/10.1103/PhysRevLett.124.088001
http://link.aps.org/doi/10.1103/PhysRevLett.124.081801
http://link.aps.org/doi/10.1103/PhysRevLett.124.084301
http://link.aps.org/doi/10.1103/PhysRevLett.124.084801
http://link.aps.org/doi/10.1103/PhysRevLett.124.086101
http://link.aps.org/doi/10.1103/PhysRevLett.124.088301
http://link.aps.org/doi/10.1103/PhysRevLett.124.070503
http://link.aps.org/doi/10.1103/PhysRevLett.124.071101
http://link.aps.org/doi/10.1103/PhysRevLett.124.071301
http://link.aps.org/doi/10.1103/PhysRevLett.124.071803
http://link.aps.org/doi/10.1103/PhysRevLett.124.073403
http://link.aps.org/doi/10.1103/PhysRevLett.124.073404
http://link.aps.org/doi/10.1103/PhysRevLett.124.073603
http://link.aps.org/doi/10.1103/PhysRevLett.124.073901
http://link.aps.org/doi/10.1103/PhysRevLett.124.074801
http://link.aps.org/doi/10.1103/PhysRevLett.124.075501
http://link.aps.org/doi/10.1103/PhysRevLett.124.075701
http://link.aps.org/doi/10.1103/PhysRevLett.124.075902
http://link.aps.org/doi/10.1103/PhysRevLett.124.075903
http://link.aps.org/doi/10.1103/PhysRevLett.124.076002
http://link.aps.org/doi/10.1103/PhysRevLett.124.076403
http://link.aps.org/doi/10.1103/PhysRevLett.124.077001
http://link.aps.org/doi/10.1103/PhysRevLett.124.077203
http://link.aps.org/doi/10.1103/PhysRevLett.124.077204
http://link.aps.org/doi/10.1103/PhysRevLett.124.077402
http://link.aps.org/doi/10.1103/PhysRevLett.124.077403
http://link.aps.org/doi/10.1103/PhysRevLett.124.070401
http://link.aps.org/doi/10.1103/PhysRevLett.124.070402
http://link.aps.org/doi/10.1103/PhysRevLett.124.070501
http://link.aps.org/doi/10.1103/PhysRevLett.124.076001
http://link.aps.org/doi/10.1103/PhysRevLett.124.070502
http://link.aps.org/doi/10.1103/PhysRevLett.124.070601
http://link.aps.org/doi/10.1103/PhysRevLett.124.071801
http://link.aps.org/doi/10.1103/PhysRevLett.124.071802
http://link.aps.org/doi/10.1103/PhysRevLett.124.072001
http://link.aps.org/doi/10.1103/PhysRevLett.124.072002
http://link.aps.org/doi/10.1103/PhysRevLett.124.073402
http://link.aps.org/doi/10.1103/PhysRevLett.124.073601
http://link.aps.org/doi/10.1103/PhysRevLett.124.073602
http://link.aps.org/doi/10.1103/PhysRevLett.124.074501
http://link.aps.org/doi/10.1103/PhysRevLett.124.075001
http://link.aps.org/doi/10.1103/PhysRevLett.124.075901
http://link.aps.org/doi/10.1103/PhysRevLett.124.076401
http://link.aps.org/doi/10.1103/PhysRevLett.124.076402
http://link.aps.org/doi/10.1103/PhysRevLett.124.076601
http://link.aps.org/doi/10.1103/PhysRevLett.124.076802
http://link.aps.org/doi/10.1103/PhysRevLett.124.077201
http://link.aps.org/doi/10.1103/PhysRevLett.124.077202
http://link.aps.org/doi/10.1103/PhysRevLett.124.077401
http://link.aps.org/doi/10.1103/PhysRevLett.124.077601
http://link.aps.org/doi/10.1103/PhysRevLett.124.078001
http://link.aps.org/doi/10.1103/PhysRevLett.124.078002
http://link.aps.org/doi/10.1103/PhysRevLett.124.073401
http://link.aps.org/doi/10.1103/PhysRevLett.124.076801
http://link.aps.org/doi/10.1103/PhysRevLett.124.060201
http://link.aps.org/doi/10.1103/PhysRevLett.124.060402
http://link.aps.org/doi/10.1103/PhysRevLett.124.060503
http://link.aps.org/doi/10.1103/PhysRevLett.124.060603
http://link.aps.org/doi/10.1103/PhysRevLett.124.061102
http://link.aps.org/doi/10.1103/PhysRevLett.124.062001
http://link.aps.org/doi/10.1103/PhysRevLett.124.063604
http://link.aps.org/doi/10.1103/PhysRevLett.124.063605
http://link.aps.org/doi/10.1103/PhysRevLett.124.064502
http://link.aps.org/doi/10.1103/PhysRevLett.124.065101
http://link.aps.org/doi/10.1103/PhysRevLett.124.065901
http://link.aps.org/doi/10.1103/PhysRevLett.124.066001
http://link.aps.org/doi/10.1103/PhysRevE.101.020301
http://link.aps.org/doi/10.1103/PhysRevE.101.021301
http://link.aps.org/doi/10.1103/PhysRevE.101.022130
http://link.aps.org/doi/10.1103/PhysRevE.101.022418
http://link.aps.org/doi/10.1103/PhysRevE.101.022612
http://link.aps.org/doi/10.1103/PhysRevE.101.022705
http://link.aps.org/doi/10.1103/PhysRevE.101.023109
http://link.aps.org/doi/10.1103/PhysRevE.101.023110
http://link.aps.org/doi/10.1103/PhysRevE.101.023211
http://link.aps.org/doi/10.1103/PhysRevE.101.023314
http://link.aps.org/doi/10.1103/PhysRevE.101.023315
http://link.aps.org/doi/10.1103/PhysRevE.101.029904
http://link.aps.org/doi/10.1103/PhysRevE.101.022129
http://link.aps.org/doi/10.1103/PhysRevE.101.022220
http://link.aps.org/doi/10.1103/PhysRevE.101.022315
http://link.aps.org/doi/10.1103/PhysRevE.101.022611
http://link.aps.org/doi/10.1103/PhysRevE.101.022704
http://link.aps.org/doi/10.1103/PhysRevE.101.023108
http://link.aps.org/doi/10.1103/PhysRevE.101.023210
http://link.aps.org/doi/10.1103/PhysRevE.101.023313
http://link.aps.org/doi/10.1103/PhysRevE.101.022126
http://link.aps.org/doi/10.1103/PhysRevE.101.022127
http://link.aps.org/doi/10.1103/PhysRevE.101.022128
http://link.aps.org/doi/10.1103/PhysRevE.101.022217
http://link.aps.org/doi/10.1103/PhysRevE.101.022218
http://link.aps.org/doi/10.1103/PhysRevE.101.022219
http://link.aps.org/doi/10.1103/PhysRevE.101.022314
http://link.aps.org/doi/10.1103/PhysRevE.101.022415
http://link.aps.org/doi/10.1103/PhysRevE.101.022416
http://link.aps.org/doi/10.1103/PhysRevE.101.022417
http://link.aps.org/doi/10.1103/PhysRevE.101.022610
http://link.aps.org/doi/10.1103/PhysRevE.101.022802
http://link.aps.org/doi/10.1103/PhysRevE.101.023002
http://link.aps.org/doi/10.1103/PhysRevE.101.023209
http://link.aps.org/doi/10.1103/PhysRevE.101.023311
http://link.aps.org/doi/10.1103/PhysRevE.101.022125
http://link.aps.org/doi/10.1103/PhysRevE.101.022216
http://link.aps.org/doi/10.1103/PhysRevE.101.022313
http://link.aps.org/doi/10.1103/PhysRevE.101.023312
http://link.aps.org/doi/10.1103/PhysRevE.101.022124
http://link.aps.org/doi/10.1103/PhysRevE.101.023107
http://link.aps.org/doi/10.1103/PhysRevE.101.023310
http://link.aps.org/doi/10.1103/PhysRevE.101.022213
http://link.aps.org/doi/10.1103/PhysRevE.101.022215
http://link.aps.org/doi/10.1103/PhysRevE.101.022307
http://link.aps.org/doi/10.1103/PhysRevE.101.022311
http://link.aps.org/doi/10.1103/PhysRevE.101.022312
http://link.aps.org/doi/10.1103/PhysRevE.101.022609
http://link.aps.org/doi/10.1103/PhysRevE.101.022903
http://link.aps.org/doi/10.1103/PhysRevE.101.023207
http://link.aps.org/doi/10.1103/PhysRevE.101.023208
http://link.aps.org/doi/10.1103/PhysRevE.101.020101
http://link.aps.org/doi/10.1103/PhysRevE.101.022118
http://link.aps.org/doi/10.1103/PhysRevE.101.022119
http://link.aps.org/doi/10.1103/PhysRevE.101.022120
http://link.aps.org/doi/10.1103/PhysRevE.101.022121
http://link.aps.org/doi/10.1103/PhysRevE.101.022122
http://link.aps.org/doi/10.1103/PhysRevE.101.022123
http://link.aps.org/doi/10.1103/PhysRevE.101.022210
http://link.aps.org/doi/10.1103/PhysRevE.101.022211
http://link.aps.org/doi/10.1103/PhysRevE.101.022212
http://link.aps.org/doi/10.1103/PhysRevE.101.022308
http://link.aps.org/doi/10.1103/PhysRevE.101.022309
http://link.aps.org/doi/10.1103/PhysRevE.101.022310
http://link.aps.org/doi/10.1103/PhysRevE.101.022411
http://link.aps.org/doi/10.1103/PhysRevE.101.022412
http://link.aps.org/doi/10.1103/PhysRevE.101.022413
http://link.aps.org/doi/10.1103/PhysRevE.101.022414
http://link.aps.org/doi/10.1103/PhysRevE.101.022504
http://link.aps.org/doi/10.1103/PhysRevE.101.022607
http://link.aps.org/doi/10.1103/PhysRevE.101.022608
http://link.aps.org/doi/10.1103/PhysRevE.101.022703
http://link.aps.org/doi/10.1103/PhysRevE.101.022801
http://link.aps.org/doi/10.1103/PhysRevE.101.023206
http://link.aps.org/doi/10.1103/PhysRevE.101.023308
http://link.aps.org/doi/10.1103/PhysRevE.101.023309
http://link.aps.org/doi/10.1103/PhysRevE.101.029902
http://link.aps.org/doi/10.1103/PhysRevE.101.029903
http://link.aps.org/doi/10.1103/PhysRevE.101.022208
http://link.aps.org/doi/10.1103/PhysRevE.101.022209
http://link.aps.org/doi/10.1103/PhysRevE.101.022408
http://link.aps.org/doi/10.1103/PhysRevE.101.022409
http://link.aps.org/doi/10.1103/PhysRevE.101.022410
http://link.aps.org/doi/10.1103/PhysRevE.101.022503
http://link.aps.org/doi/10.1103/PhysRevE.101.022605
http://link.aps.org/doi/10.1103/PhysRevE.101.022606
http://link.aps.org/doi/10.1103/PhysRevE.101.023204
http://link.aps.org/doi/10.1103/PhysRevE.101.023205
http://link.aps.org/doi/10.1103/PhysRevE.101.023306
http://link.aps.org/doi/10.1103/PhysRevE.101.023307
http://link.aps.org/doi/10.1103/PhysRevE.101.020601
http://link.aps.org/doi/10.1103/PhysRevE.101.022117
http://link.aps.org/doi/10.1103/PhysRevE.101.022207
http://link.aps.org/doi/10.1103/PhysRevE.101.022306
http://link.aps.org/doi/10.1103/PhysRevE.101.022115
http://link.aps.org/doi/10.1103/PhysRevE.101.022116
http://link.aps.org/doi/10.1103/PhysRevE.101.022206
http://link.aps.org/doi/10.1103/PhysRevE.101.022305
http://link.aps.org/doi/10.1103/PhysRevE.101.023001
http://link.aps.org/doi/10.1103/PhysRevE.101.022112
https://www.nature.com/articles/d41586-020-00382-0
https://www.nature.com/articles/s41586-020-2040-3
https://www.nature.com/articles/s41586-020-2045-y
https://www.nature.com/articles/d41586-020-00472-z
https://www.nature.com/articles/d41586-020-00548-w
http://arxiv.org/abs/2003.01108
http://arxiv.org/abs/2003.01151
http://arxiv.org/abs/2003.01214
http://arxiv.org/abs/2003.01233
http://arxiv.org/abs/2003.01268
http://arxiv.org/abs/2003.01443
http://arxiv.org/abs/2003.01489
http://arxiv.org/abs/2003.01642
http://arxiv.org/abs/1810.05909
http://arxiv.org/abs/1905.03300
http://arxiv.org/abs/1905.06142
http://arxiv.org/abs/1912.13349
https://epubs.siam.org/doi/abs/10.1137/19M1275875?af=R
https://epubs.siam.org/doi/abs/10.1137/19M1289297?af=R
https://epubs.siam.org/doi/abs/10.1137/19M1267751?af=R
https://epubs.siam.org/doi/abs/10.1137/18M1232346?af=R
https://epubs.siam.org/doi/abs/10.1137/19M1292424?af=R
http://link.aps.org/doi/10.1103/PhysRevLett.124.090501
http://link.aps.org/doi/10.1103/PhysRevLett.124.093602
http://link.aps.org/doi/10.1103/PhysRevLett.124.095101
http://link.aps.org/doi/10.1103/PhysRevLett.124.097202
http://link.aps.org/doi/10.1103/PhysRevLett.124.097401
http://link.aps.org/doi/10.1103/PhysRevLett.124.090401
http://link.aps.org/doi/10.1103/PhysRevLett.124.090601
http://link.aps.org/doi/10.1103/PhysRevLett.124.090602
http://link.aps.org/doi/10.1103/PhysRevLett.124.090603
http://link.aps.org/doi/10.1103/PhysRevLett.124.090604
http://link.aps.org/doi/10.1103/PhysRevLett.124.093601
http://link.aps.org/doi/10.1103/PhysRevLett.124.095701
http://link.aps.org/doi/10.1103/PhysRevLett.124.096601
http://link.aps.org/doi/10.1103/PhysRevLett.124.096801
http://link.aps.org/doi/10.1103/PhysRevLett.124.097201
http://link.aps.org/doi/10.1103/PhysRevLett.124.097601
http://link.aps.org/doi/10.1103/PhysRevLett.124.097602
http://link.aps.org/doi/10.1103/PhysRevLett.124.081803
http://link.aps.org/doi/10.1103/PhysRevLett.124.083604
http://link.aps.org/doi/10.1103/PhysRevLett.124.083605
http://link.aps.org/doi/10.1103/PhysRevLett.124.084504
http://link.aps.org/doi/10.1103/PhysRevLett.124.080503
http://link.aps.org/doi/10.1103/PhysRevLett.124.080602
http://link.aps.org/doi/10.1103/PhysRevLett.124.081602
http://link.aps.org/doi/10.1103/PhysRevLett.124.083203
http://link.aps.org/doi/10.1103/PhysRevLett.124.084502
http://link.aps.org/doi/10.1103/PhysRevLett.124.084503
http://link.aps.org/doi/10.1103/PhysRevLett.124.084505
http://link.aps.org/doi/10.1103/PhysRevLett.124.085503
http://link.aps.org/doi/10.1103/PhysRevLett.124.086102
http://link.aps.org/doi/10.1103/PhysRevLett.124.086602
http://link.aps.org/doi/10.1103/PhysRevLett.124.087204
http://link.aps.org/doi/10.1103/PhysRevLett.124.087205
http://link.aps.org/doi/10.1103/PhysRevLett.124.087206
http://link.aps.org/doi/10.1103/PhysRevLett.124.087402
http://link.aps.org/doi/10.1103/PhysRevLett.124.087601
http://link.aps.org/doi/10.1103/PhysRevLett.124.087702
http://link.aps.org/doi/10.1103/PhysRevLett.124.088003
http://link.aps.org/doi/10.1103/PhysRevLett.124.088004
http://link.aps.org/doi/10.1103/PhysRevLett.124.088005
http://link.aps.org/doi/10.1103/PhysRevE.101.032402
http://link.aps.org/doi/10.1103/PhysRevE.101.032602
http://link.aps.org/doi/10.1103/PhysRevE.101.033103
http://link.aps.org/doi/10.1103/PhysRevE.101.033104
http://link.aps.org/doi/10.1103/PhysRevE.101.030201
http://link.aps.org/doi/10.1103/PhysRevE.101.032101
http://link.aps.org/doi/10.1103/PhysRevE.101.032201
http://link.aps.org/doi/10.1103/PhysRevE.101.032202
http://link.aps.org/doi/10.1103/PhysRevE.101.032401
http://link.aps.org/doi/10.1103/PhysRevE.101.032601
http://link.aps.org/doi/10.1103/PhysRevE.101.033101
http://link.aps.org/doi/10.1103/PhysRevE.101.033102
http://link.aps.org/doi/10.1103/PhysRevE.101.033201
http://link.aps.org/doi/10.1103/PhysRevE.101.033202
http://link.aps.org/doi/10.1103/PhysRevE.101.039901
http://link.aps.org/doi/10.1103/PhysRevE.101.039902
http://link.aps.org/doi/10.1103/PhysRevE.101.022134
http://link.aps.org/doi/10.1103/PhysRevE.101.022135
http://link.aps.org/doi/10.1103/PhysRevE.101.022222
http://link.aps.org/doi/10.1103/PhysRevE.101.022223
http://link.aps.org/doi/10.1103/PhysRevE.101.022316
http://link.aps.org/doi/10.1103/PhysRevE.101.022419
http://link.aps.org/doi/10.1103/PhysRevE.101.022420
http://link.aps.org/doi/10.1103/PhysRevE.101.022706
http://link.aps.org/doi/10.1103/PhysRevE.101.022803
http://link.aps.org/doi/10.1103/PhysRevE.101.022904
http://link.aps.org/doi/10.1103/PhysRevE.101.023316
http://link.aps.org/doi/10.1103/PhysRevE.101.022131
http://link.aps.org/doi/10.1103/PhysRevE.101.022132
http://link.aps.org/doi/10.1103/PhysRevE.101.022133
http://link.aps.org/doi/10.1103/PhysRevE.101.022221
http://link.aps.org/doi/10.1103/PhysRevE.101.022613
https://www.nature.com/articles/d41586-020-00154-w
https://www.nature.com/articles/d41586-020-00595-3
https://www.nature.com/articles/d41586-020-00590-8
https://www.nature.com/articles/d41586-020-00642-z
https://www.nature.com/articles/d41586-020-00586-4
https://www.nature.com/articles/d41586-020-00589-1
https://www.nature.com/articles/d41586-020-00608-1
https://www.nature.com/articles/d41586-020-00591-7
https://www.nature.com/articles/d41586-020-00625-0
https://www.nature.com/articles/d41586-020-00588-2
https://www.nature.com/articles/d41586-020-00623-2
https://www.nature.com/articles/s41586-020-2089-z
https://www.nature.com/articles/d41586-020-00607-2
https://www.nature.com/articles/d41586-020-00614-3
https://www.nature.com/articles/d41586-020-00619-y
https://www.nature.com/articles/d41586-020-00631-2
https://www.nature.com/articles/d41586-020-00615-2
https://www.nature.com/articles/d41586-020-00610-7
https://www.nature.com/articles/d41586-020-00613-4
https://www.nature.com/articles/d41586-020-00616-1
https://www.nature.com/articles/d41586-020-00536-0
https://www.nature.com/articles/d41586-020-00564-w
https://www.nature.com/articles/d41586-020-00617-0
https://www.nature.com/articles/d41586-020-00612-5
https://www.nature.com/articles/s41586-020-2051-0
https://www.nature.com/articles/d41586-020-00563-x
https://www.nature.com/articles/d41586-020-00594-4
https://www.nature.com/articles/d41586-020-00606-3
https://www.nature.com/articles/d41586-020-00585-5
https://www.nature.com/articles/d41586-020-00609-0
https://www.nature.com/articles/s41586-020-2081-7
https://www.nature.com/articles/s41586-020-2065-7
https://www.nature.com/articles/d41586-020-00598-0
https://www.nature.com/articles/d41586-020-00562-y
https://www.nature.com/articles/d41586-020-00602-7
https://www.nature.com/articles/d41586-020-00574-8
https://www.nature.com/articles/d41586-020-00599-z
https://www.nature.com/articles/d41586-020-00533-3
https://www.nature.com/articles/d41586-020-00175-5
https://www.nature.com/articles/d41586-020-00581-9
https://www.nature.com/articles/d41586-020-00553-z
https://www.nature.com/articles/d41586-020-00544-0
https://www.nature.com/articles/d41586-020-00520-8
https://www.nature.com/articles/s41586-020-2080-8
https://www.nature.com/articles/d41586-020-00575-7
https://www.nature.com/articles/d41586-020-00580-w
https://www.nature.com/articles/d41586-020-00531-5
https://www.nature.com/articles/s41586-020-2050-1
https://www.nature.com/articles/d41586-020-00510-w
https://www.nature.com/articles/s41586-020-2056-8
https://www.nature.com/articles/d41586-020-00567-7
https://www.nature.com/articles/d41586-020-00468-9
https://www.nature.com/articles/s41586-020-2041-2
https://www.nature.com/articles/d41586-020-00501-x
https://www.nature.com/articles/d41586-020-00506-6
https://www.nature.com/articles/s41586-020-2047-9
https://www.nature.com/articles/s41586-020-2025-2
https://www.nature.com/articles/s41586-020-2053-y
https://www.nature.com/articles/d41586-020-00532-4
https://www.nature.com/articles/d41586-020-00565-9
https://www.nature.com/articles/s41586-020-2037-y
https://www.nature.com/articles/d41586-020-00549-9
https://www.nature.com/articles/d41586-020-00469-8
https://www.nature.com/articles/d41586-020-00504-8
https://www.nature.com/articles/s41586-020-2016-3
https://www.nature.com/articles/s41586-020-2044-z
https://www.nature.com/articles/d41586-020-00424-7
https://www.nature.com/articles/s41586-020-2004-7
https://www.nature.com/articles/d41586-020-00507-5
https://www.nature.com/articles/s41586-020-2011-8
http://advances.sciencemag.org/cgi/content/short/6/9/eaaw9932?rss=1
http://advances.sciencemag.org/cgi/content/short/6/9/eaax5913?rss=1
http://advances.sciencemag.org/cgi/content/short/6/9/eaax6230?rss=1
http://advances.sciencemag.org/cgi/content/short/6/9/eaax6849?rss=1
http://advances.sciencemag.org/cgi/content/short/6/9/eaay0443?rss=1
http://advances.sciencemag.org/cgi/content/short/6/9/eaay2730?rss=1
http://advances.sciencemag.org/cgi/content/short/6/9/eaay2830?rss=1
http://advances.sciencemag.org/cgi/content/short/6/9/eaay4213?rss=1
http://advances.sciencemag.org/cgi/content/short/6/9/eaay5606?rss=1
http://advances.sciencemag.org/cgi/content/short/6/9/eaay6502?rss=1
http://advances.sciencemag.org/cgi/content/short/6/9/eaay7633?rss=1
http://advances.sciencemag.org/cgi/content/short/6/9/eaay8345?rss=1
http://advances.sciencemag.org/cgi/content/short/6/9/eaay8541?rss=1
http://advances.sciencemag.org/cgi/content/short/6/9/eaay8606?rss=1
http://advances.sciencemag.org/cgi/content/short/6/9/eaay8913?rss=1
http://advances.sciencemag.org/cgi/content/short/6/9/eaay9278?rss=1
http://advances.sciencemag.org/cgi/content/short/6/9/eaaz2717?rss=1
http://advances.sciencemag.org/cgi/content/short/6/9/eaaz5757?rss=1
http://advances.sciencemag.org/cgi/content/short/6/9/eaaw2140?rss=1
http://advances.sciencemag.org/cgi/content/short/6/9/eaax0586?rss=1
http://advances.sciencemag.org/cgi/content/short/6/9/eaax1420?rss=1
http://advances.sciencemag.org/cgi/content/short/6/9/eaax3223?rss=1
http://advances.sciencemag.org/cgi/content/short/6/9/eaax5751?rss=1
http://advances.sciencemag.org/cgi/content/short/6/9/eaax7781?rss=1
http://advances.sciencemag.org/cgi/content/short/6/9/eaax8329?rss=1
http://advances.sciencemag.org/cgi/content/short/6/9/eaay1458?rss=1
http://advances.sciencemag.org/cgi/content/short/6/9/eaay2915?rss=1
http://advances.sciencemag.org/cgi/content/short/6/9/eaay2935?rss=1
http://advances.sciencemag.org/cgi/content/short/6/9/eaay3440?rss=1
http://advances.sciencemag.org/cgi/content/short/6/9/eaay4211?rss=1
http://advances.sciencemag.org/cgi/content/short/6/9/eaay5413?rss=1
http://advances.sciencemag.org/cgi/content/short/6/9/eaay6898?rss=1
http://advances.sciencemag.org/cgi/content/short/6/9/eaay6913?rss=1
http://advances.sciencemag.org/cgi/content/short/6/9/eaay8020?rss=1
http://advances.sciencemag.org/cgi/content/short/6/9/eaay9269?rss=1
http://advances.sciencemag.org/cgi/content/short/6/9/eaaz0260?rss=1
http://advances.sciencemag.org/cgi/content/short/6/9/eaaz3801?rss=1
http://www.pnas.org/content/early/2019/05/22/1820837116.short?rss=1
http://www.pnas.org/content/early/2019/06/17/1820840116.short?rss=1
http://www.pnas.org/content/early/2019/07/16/1820847116.short?rss=1
http://www.pnas.org/content/early/2019/07/16/1820841116.short?rss=1
http://www.pnas.org/content/early/2019/08/08/1820842116.short?rss=1
http://www.pnas.org/content/early/2019/08/26/1901623116.short?rss=1
http://www.pnas.org/content/early/2019/09/04/1821687116.short?rss=1
http://www.pnas.org/content/early/2019/09/10/1821673116.short?rss=1
http://www.pnas.org/content/early/2019/09/17/1913867116.short?rss=1
http://www.pnas.org/content/early/2019/10/01/1821674116.short?rss=1
http://www.pnas.org/content/early/2019/10/11/1820846116.short?rss=1
http://www.pnas.org/content/early/2019/10/09/1820843116.short?rss=1
http://www.pnas.org/content/early/2019/10/16/1820838116.short?rss=1
http://www.pnas.org/content/early/2019/10/18/1913658116.short?rss=1
http://www.pnas.org/content/early/2019/11/20/1821684116.short?rss=1
http://www.pnas.org/content/early/2019/12/11/1821686116.short?rss=1
http://www.pnas.org/content/early/2020/01/01/1820845116.short?rss=1
http://www.pnas.org/content/early/2020/01/23/1821683117.short?rss=1
http://www.pnas.org/content/early/2020/01/23/1922721117.short?rss=1
http://www.pnas.org/content/early/2020/01/23/1907373117.short?rss=1
http://www.pnas.org/content/early/2019/12/24/1904368116.short?rss=1
http://www.pnas.org/content/early/2019/12/16/1914380117.short?rss=1
http://www.pnas.org/content/early/2019/12/10/1910489116.short?rss=1
http://www.pnas.org/content/early/2019/12/16/1907998117.short?rss=1
http://www.pnas.org/content/early/2019/12/05/1911560116.short?rss=1
http://www.pnas.org/content/early/2019/12/17/1917577116.short?rss=1
http://www.pnas.org/content/early/2020/01/01/1917132117.short?rss=1
http://www.pnas.org/content/early/2019/12/24/1914433117.short?rss=1
http://www.pnas.org/content/early/2019/12/13/1910677116.short?rss=1
http://www.pnas.org/content/early/2019/12/26/1917750117.short?rss=1
http://www.pnas.org/content/early/2019/12/24/1918060117.short?rss=1
http://www.pnas.org/content/early/2019/12/26/1914912117.short?rss=1
http://www.pnas.org/content/early/2019/12/24/1913615117.short?rss=1
http://www.pnas.org/content/early/2019/12/19/1915311117.short?rss=1
http://www.pnas.org/content/early/2020/01/02/1915987117.short?rss=1
http://www.pnas.org/content/early/2020/02/12/1922083117.short?rss=1
http://www.pnas.org/content/early/2020/02/13/2000716117.short?rss=1
http://www.pnas.org/content/early/2020/02/14/2000944117.short?rss=1
http://www.pnas.org/content/early/2020/02/14/1903666117.short?rss=1
http://www.pnas.org/content/early/2020/01/10/1918809117.short?rss=1
http://www.pnas.org/content/early/2020/02/18/1922086117.short?rss=1
http://www.pnas.org/content/early/2020/02/19/1911742117.short?rss=1
http://www.pnas.org/content/early/2020/02/19/1917814117.short?rss=1
http://www.pnas.org/content/early/2020/02/19/1912702117.short?rss=1
http://www.pnas.org/content/early/2020/02/19/1915980117.short?rss=1
http://www.pnas.org/content/early/2020/02/19/1913444117.short?rss=1
http://www.pnas.org/content/early/2020/02/19/1911382117.short?rss=1
http://www.pnas.org/content/early/2020/02/18/1921494117.short?rss=1
http://www.pnas.org/content/early/2020/02/18/1922877117.short?rss=1
http://www.pnas.org/content/early/2020/02/18/1922202117.short?rss=1
http://www.pnas.org/content/early/2020/02/20/1915975117.short?rss=1
http://www.pnas.org/content/early/2020/02/20/1907297117.short?rss=1
http://www.pnas.org/content/early/2020/02/20/1921798117.short?rss=1
http://www.pnas.org/content/early/2020/02/18/1922723117.short?rss=1
http://www.pnas.org/content/early/2020/02/18/1922325117.short?rss=1
http://www.pnas.org/content/early/2020/02/18/1909907117.short?rss=1
http://www.pnas.org/content/early/2020/02/20/1917411117.short?rss=1
http://www.pnas.org/content/early/2020/02/18/1917222117.short?rss=1
http://www.pnas.org/content/early/2020/02/18/1916432117.short?rss=1
http://www.pnas.org/content/early/2020/02/18/1919065117.short?rss=1
http://www.pnas.org/content/early/2020/02/18/1918412117.short?rss=1
http://www.pnas.org/content/early/2020/02/20/1916897117.short?rss=1
http://www.pnas.org/content/early/2020/02/18/1822035117.short?rss=1
http://www.pnas.org/content/early/2020/02/18/1922175117.short?rss=1
http://www.pnas.org/content/early/2020/02/18/1913997117.short?rss=1
http://www.pnas.org/content/early/2020/02/18/1917952117.short?rss=1
http://www.pnas.org/content/early/2020/02/19/1920770117.short?rss=1
http://www.pnas.org/content/early/2020/02/19/2000340117.short?rss=1
http://www.pnas.org/content/early/2020/02/21/1915680117.short?rss=1
http://www.pnas.org/content/early/2020/02/21/1916463117.short?rss=1
http://www.pnas.org/content/early/2020/02/21/1922484117.short?rss=1
http://www.pnas.org/content/early/2020/02/21/1919958117.short?rss=1
http://www.pnas.org/content/early/2020/02/21/1911884117.short?rss=1
http://www.pnas.org/content/early/2020/02/20/1920631117.short?rss=1
http://www.pnas.org/content/early/2020/02/21/1916362117.short?rss=1
http://www.pnas.org/content/early/2020/02/21/1922133117.short?rss=1
http://www.pnas.org/content/early/2020/02/21/1913280117.short?rss=1
http://www.pnas.org/content/early/2020/02/20/1913776117.short?rss=1
http://www.pnas.org/content/early/2020/02/18/1915395117.short?rss=1
http://www.pnas.org/content/early/2020/02/19/1917204117.short?rss=1
http://www.pnas.org/content/early/2020/02/20/1912864117.short?rss=1
http://www.pnas.org/content/early/2020/02/19/1916244117.short?rss=1
http://www.pnas.org/content/early/2020/02/19/1917156117.short?rss=1
http://www.pnas.org/content/early/2020/02/18/1915884117.short?rss=1
http://www.pnas.org/content/early/2020/02/20/1914615117.short?rss=1
http://www.pnas.org/content/early/2020/02/19/1919259117.short?rss=1
http://www.pnas.org/content/early/2020/02/18/1914567117.short?rss=1
http://www.pnas.org/content/early/2020/02/18/1901720117.short?rss=1
http://www.pnas.org/content/early/2020/02/19/1919738117.short?rss=1
http://www.pnas.org/content/early/2020/02/24/1921467117.short?rss=1
http://www.pnas.org/content/early/2020/02/24/1916132117.short?rss=1
http://www.pnas.org/content/early/2020/02/24/1916046117.short?rss=1
http://www.pnas.org/content/early/2020/02/24/1918232117.short?rss=1
http://www.pnas.org/content/early/2020/02/24/1914923117.short?rss=1
http://www.pnas.org/content/early/2020/02/24/1919723117.short?rss=1
http://www.pnas.org/content/early/2020/02/24/1913752117.short?rss=1
http://www.pnas.org/content/early/2020/02/24/1922747117.short?rss=1
http://www.pnas.org/content/early/2020/02/24/1917763117.short?rss=1
http://www.pnas.org/content/early/2020/02/24/1922488117.short?rss=1
http://www.pnas.org/content/early/2020/02/25/1922559117.short?rss=1
http://www.pnas.org/content/early/2020/02/25/1916944117.short?rss=1
http://www.pnas.org/content/early/2020/02/24/2001659117.short?rss=1
http://www.pnas.org/content/early/2020/02/21/2000930117.short?rss=1
http://www.pnas.org/content/early/2020/02/26/1922447117.short?rss=1
http://www.pnas.org/content/early/2020/02/27/2001048117.short?rss=1
http://www.pnas.org/content/early/2020/02/27/1918950117.short?rss=1
http://www.pnas.org/content/early/2020/02/27/1915611117.short?rss=1
http://www.pnas.org/content/early/2020/02/25/1915169117.short?rss=1
http://www.pnas.org/content/early/2020/02/25/1904532117.short?rss=1
http://www.pnas.org/content/early/2020/02/25/1918473117.short?rss=1
http://www.pnas.org/content/early/2020/02/27/1914279117.short?rss=1
http://www.pnas.org/content/early/2020/02/25/1915333117.short?rss=1
http://www.pnas.org/content/early/2020/02/25/2002336117.short?rss=1
http://www.pnas.org/content/early/2020/02/25/1912146117.short?rss=1
http://www.pnas.org/content/early/2020/02/25/1911142117.short?rss=1
http://www.pnas.org/content/early/2020/02/25/2002334117.short?rss=1
http://www.pnas.org/content/early/2020/02/25/1917748117.short?rss=1
http://www.pnas.org/content/early/2020/02/26/1911030117.short?rss=1
http://www.pnas.org/content/early/2020/02/25/1920333117.short?rss=1
http://www.pnas.org/content/early/2020/02/27/1919722117.short?rss=1
http://www.pnas.org/content/early/2020/02/25/1916630117.short?rss=1
http://www.pnas.org/content/early/2020/02/25/1911359117.short?rss=1
http://www.pnas.org/content/early/2020/02/25/1922678117.short?rss=1
http://www.pnas.org/content/early/2020/02/26/1920018117.short?rss=1
http://www.pnas.org/content/early/2020/02/26/1919038117.short?rss=1
http://www.pnas.org/content/early/2020/02/27/1914595117.short?rss=1
http://www.pnas.org/content/early/2020/02/25/1920555117.short?rss=1
http://www.pnas.org/content/early/2020/02/25/1915930117.short?rss=1
http://www.pnas.org/content/early/2020/02/27/1922203117.short?rss=1
http://www.pnas.org/content/early/2020/02/26/1915470117.short?rss=1
http://www.pnas.org/content/early/2020/02/25/1912199117.short?rss=1
http://www.pnas.org/content/early/2020/02/26/1920200117.short?rss=1
http://www.pnas.org/content/early/2020/02/25/1906954117.short?rss=1
http://www.pnas.org/content/early/2020/02/27/1920415117.short?rss=1
http://www.pnas.org/content/early/2020/02/27/1917549117.short?rss=1
http://www.pnas.org/content/early/2020/02/26/1918529117.short?rss=1
http://www.pnas.org/content/early/2020/02/25/1913071117.short?rss=1
http://www.pnas.org/content/early/2020/02/25/1922272117.short?rss=1
http://www.pnas.org/content/early/2020/02/25/1914367117.short?rss=1
http://www.pnas.org/content/early/2020/02/25/1921381117.short?rss=1
http://www.pnas.org/content/early/2020/02/27/1917624117.short?rss=1
http://www.pnas.org/content/early/2020/02/25/1912754117.short?rss=1
http://www.pnas.org/content/early/2020/02/25/1916974117.short?rss=1
http://www.pnas.org/content/early/2020/02/28/1911620117.short?rss=1
http://www.pnas.org/content/early/2020/02/28/1918296117.short?rss=1
http://www.pnas.org/content/early/2020/02/28/1914884117.short?rss=1
http://www.pnas.org/content/early/2020/02/28/1908100117.short?rss=1
http://www.pnas.org/content/early/2020/02/28/1920561117.short?rss=1
http://www.pnas.org/content/early/2020/02/28/1917820117.short?rss=1
http://www.pnas.org/content/early/2020/02/28/1913445117.short?rss=1
http://www.pnas.org/content/early/2020/02/28/1920251117.short?rss=1
http://www.pnas.org/content/early/2020/02/28/2001336117.short?rss=1
http://www.pnas.org/content/early/2020/02/28/1918528117.short?rss=1
http://www.pnas.org/content/early/2020/02/28/1917586117.short?rss=1
http://www.pnas.org/content/early/2020/02/28/1916978117.short?rss=1
http://www.pnas.org/content/early/2020/02/28/1919028117.short?rss=1
http://www.pnas.org/content/early/2020/02/28/1919332117.short?rss=1
http://www.pnas.org/content/early/2020/02/28/1917849117.short?rss=1
http://www.pnas.org/content/early/2020/02/28/1920413117.short?rss=1
http://www.pnas.org/content/early/2020/02/28/1921630117.short?rss=1
http://www.pnas.org/content/early/2020/02/28/1915458117.short?rss=1
http://www.pnas.org/content/early/2020/02/28/1916786117.short?rss=1
http://www.pnas.org/content/early/2020/02/28/1919893117.short?rss=1
http://www.pnas.org/content/early/2020/03/02/1922264117.short?rss=1
http://www.pnas.org/content/early/2020/03/02/1921187117.short?rss=1
http://www.pnas.org/content/early/2020/03/02/1910006117.short?rss=1
http://www.pnas.org/content/early/2020/03/02/1917283117.short?rss=1
http://www.pnas.org/content/early/2020/03/02/1914237117.short?rss=1
http://www.pnas.org/content/early/2020/03/02/1918167117.short?rss=1
http://www.pnas.org/content/early/2020/03/02/1920747117.short?rss=1
http://www.pnas.org/content/early/2020/03/02/1912723117.short?rss=1
http://www.pnas.org/content/early/2020/03/02/1913042117.short?rss=1
http://www.pnas.org/content/early/2020/03/02/1919363117.short?rss=1
http://www.pnas.org/content/early/2020/03/02/1921811117.short?rss=1
http://www.pnas.org/content/early/2020/03/02/1911203117.short?rss=1
http://www.pnas.org/content/early/2020/03/02/2001684117.short?rss=1
http://www.pnas.org/content/early/2020/03/02/1913525117.short?rss=1
http://www.pnas.org/content/early/2020/03/02/1922868117.short?rss=1
http://www.pnas.org/content/early/2020/03/02/1922250117.short?rss=1
http://www.pnas.org/content/early/2020/03/02/2000331117.short?rss=1
http://www.pnas.org/content/early/2020/03/02/1922857117.short?rss=1
http://www.pnas.org/content/early/2020/03/02/2000903117.short?rss=1
http://www.pnas.org/content/early/2020/03/02/1922920117.short?rss=1
http://www.pnas.org/content/early/2020/03/02/2001049117.short?rss=1
http://www.pnas.org/content/early/2020/03/02/2000318117.short?rss=1
https://www.nature.com/articles/s41598-020-61075-2
https://www.nature.com/articles/s41598-020-61339-x
https://www.nature.com/articles/s41598-020-60827-4
https://www.nature.com/articles/s41598-020-61011-4
https://www.nature.com/articles/s41598-020-60417-4
https://www.nature.com/articles/s41598-020-60544-y
https://www.nature.com/articles/s41598-020-61341-3
https://www.nature.com/articles/s41598-020-61030-1